<?xml version="1.0" encoding="UTF-8"?>
<!-- Generated by org.testng.reporters.JUnitXMLReporter -->
<testsuite ignored="0" hostname="AbhijeetSaurabh" failures="0" tests="4" name="Test" time="26.626" errors="0" timestamp="2025-08-26T10:54:21 IST">
  <testcase classname="Seleniumproject.TC_11Testng" name="f" time="6.149"/>
  <testcase classname="Seleniumproject.TC_11Testng" name="f" time="5.151"/>
  <testcase classname="Seleniumproject.TC_11testng2" name="f" time="6.024"/>
  <testcase classname="Seleniumproject.TC_11testng2" name="f" time="5.404"/>
</testsuite> <!-- Test -->
