<?xml version="1.0" encoding="UTF-8"?>
<testng-results ignored="0" total="2" passed="2" failed="0" skipped="0">
  <reporter-output>
  </reporter-output>
  <suite started-at="2025-08-29T20:54:25 IST" name="Suite" finished-at="2025-08-29T20:55:41 IST" duration-ms="76357">
    <groups>
    </groups>
    <test started-at="2025-08-29T20:54:25 IST" name="Testlab8" finished-at="2025-08-29T20:55:41 IST" duration-ms="76357">
      <class name="Seleniumproject.Lab4">
        <test-method is-config="true" signature="setUp(java.lang.String)[pri:0, instance:Seleniumproject.Lab4@1d296da]" started-at="2025-08-29T20:54:25 IST" name="setUp" finished-at="2025-08-29T20:54:30 IST" duration-ms="4933" status="PASS">
          <params>
            <param index="0">
              <value>
                <![CDATA[chrome]]>
              </value>
            </param>
          </params>
          <reporter-output>
          </reporter-output>
        </test-method> <!-- setUp -->
        <test-method signature="lab_4()[pri:0, instance:Seleniumproject.Lab4@1d296da]" started-at="2025-08-29T20:54:30 IST" name="lab_4" finished-at="2025-08-29T20:54:31 IST" duration-ms="1292" status="PASS">
          <reporter-output>
          </reporter-output>
        </test-method> <!-- lab_4 -->
        <test-method is-config="true" signature="CloseBrowser()[pri:0, instance:Seleniumproject.Lab4@1d296da]" started-at="2025-08-29T20:54:31 IST" name="CloseBrowser" finished-at="2025-08-29T20:54:31 IST" duration-ms="206" status="PASS">
          <reporter-output>
          </reporter-output>
        </test-method> <!-- CloseBrowser -->
      </class> <!-- Seleniumproject.Lab4 -->
      <class name="Seleniumproject.Lab3">
        <test-method is-config="true" signature="setUp(java.lang.String)[pri:0, instance:Seleniumproject.Lab3@7eac9008]" started-at="2025-08-29T20:54:31 IST" name="setUp" finished-at="2025-08-29T20:55:35 IST" duration-ms="63892" status="PASS">
          <params>
            <param index="0">
              <value>
                <![CDATA[chrome]]>
              </value>
            </param>
          </params>
          <reporter-output>
          </reporter-output>
        </test-method> <!-- setUp -->
        <test-method signature="lab_3()[pri:0, instance:Seleniumproject.Lab3@7eac9008]" started-at="2025-08-29T20:55:35 IST" name="lab_3" finished-at="2025-08-29T20:55:41 IST" duration-ms="5817" status="PASS">
          <reporter-output>
          </reporter-output>
        </test-method> <!-- lab_3 -->
        <test-method is-config="true" signature="CloseBrowser()[pri:0, instance:Seleniumproject.Lab3@7eac9008]" started-at="2025-08-29T20:55:41 IST" name="CloseBrowser" finished-at="2025-08-29T20:55:41 IST" duration-ms="168" status="PASS">
          <reporter-output>
          </reporter-output>
        </test-method> <!-- CloseBrowser -->
      </class> <!-- Seleniumproject.Lab3 -->
    </test> <!-- Testlab8 -->
  </suite> <!-- Suite -->
</testng-results>
